info it worked if it ends with ok
verbose cli [ 'node', '/usr/local/bin/npm', 'test' ]
info using npm@1.1.23
info using node@v0.6.8
verbose /usr/local/bin/node node symlink
verbose config file /Users/kangax/.npmrc
verbose config file /usr/local/etc/npmrc
verbose config file /usr/local/lib/node_modules/npm/npmrc
ERR! Error: ENOENT, no such file or directory '/Users/kangax/dev/fabric.js/site/package.json'
ERR! You may report this log at:
ERR!     <http://github.com/isaacs/npm/issues>
ERR! or email it to:
ERR!     <npm-@googlegroups.com>
ERR! 
ERR! System Darwin 11.4.0
ERR! command "node" "/usr/local/bin/npm" "test"
ERR! cwd /Users/kangax/dev/fabric.js/site
ERR! node -v v0.6.8
ERR! npm -v 1.1.23
ERR! path /Users/kangax/dev/fabric.js/site/package.json
ERR! code ENOENT
ERR! message ENOENT, no such file or directory '/Users/kangax/dev/fabric.js/site/package.json'
ERR! errno {}
verbose exit [ 1, true ]
